2021/12/02 15:51:08 E:/GO_PROJ/test_task/main.go:33: init logger
2021/12/02 15:51:09 E:/GO_PROJ/test_task/main.go:34: start app
2021/12/02 16:07:13 E:/GO_PROJ/test_task/main.go:33: start app
2021/12/03 11:20:42 E:/GO_PROJ/test_task/main.go:134: start app
2021/12/03 11:21:03 E:/GO_PROJ/test_task/main.go:102: downloaded image from URL https://apod.nasa.gov/apod/image/2112/ngc4656_4631_A1-LRGB_112421_1024px.jpg
2021/12/03 11:22:04 E:/GO_PROJ/test_task/main.go:102: downloaded image from URL https://apod.nasa.gov/apod/image/2112/ngc4656_4631_A1-LRGB_112421_1024px.jpg
2021/12/03 11:23:02 E:/GO_PROJ/test_task/main.go:102: downloaded image from URL https://apod.nasa.gov/apod/image/2112/ngc4656_4631_A1-LRGB_112421_1024px.jpg
2021/12/03 11:24:03 E:/GO_PROJ/test_task/main.go:102: downloaded image from URL https://apod.nasa.gov/apod/image/2112/ngc4656_4631_A1-LRGB_112421_1024px.jpg
2021/12/03 11:25:02 E:/GO_PROJ/test_task/main.go:102: downloaded image from URL https://apod.nasa.gov/apod/image/2112/ngc4656_4631_A1-LRGB_112421_1024px.jpg
2021/12/03 11:26:03 E:/GO_PROJ/test_task/main.go:102: downloaded image from URL https://apod.nasa.gov/apod/image/2112/ngc4656_4631_A1-LRGB_112421_1024px.jpg
2021/12/03 11:27:02 E:/GO_PROJ/test_task/main.go:102: downloaded image from URL https://apod.nasa.gov/apod/image/2112/ngc4656_4631_A1-LRGB_112421_1024px.jpg
2021/12/03 11:44:10 E:/GO_PROJ/test_task/main.go:134: start app
2021/12/03 15:05:37 E:/GO_PROJ/test_task/main.go:134: start app
2021/12/03 15:06:05 E:/GO_PROJ/test_task/main.go:102: downloaded image from URL https://apod.nasa.gov/apod/image/2112/ngc4656_4631_A1-LRGB_112421_1024px.jpg
2021/12/03 15:07:04 E:/GO_PROJ/test_task/main.go:102: downloaded image from URL https://apod.nasa.gov/apod/image/2112/ngc4656_4631_A1-LRGB_112421_1024px.jpg
2021/12/03 15:07:49 E:/GO_PROJ/test_task/main.go:134: start app
2021/12/03 15:08:46 E:/GO_PROJ/test_task/main.go:134: start app
2021/12/03 16:12:50 E:/GO_PROJ/test_task/main.go:135: start app
2021/12/03 16:13:04 E:/GO_PROJ/test_task/main.go:103: downloaded image from URL https://apod.nasa.gov/apod/image/2112/ngc4656_4631_A1-LRGB_112421_1024px.jpg
2021/12/03 16:14:03 E:/GO_PROJ/test_task/main.go:103: downloaded image from URL https://apod.nasa.gov/apod/image/2112/ngc4656_4631_A1-LRGB_112421_1024px.jpg
2021/12/03 16:16:15 E:/GO_PROJ/test_task/main.go:135: start app
2021/12/03 16:21:41 E:/GO_PROJ/test_task/main.go:136: start app
2021/12/04 22:48:28 E:/GO_PROJ/test_task/main.go:137: start app
2021/12/04 23:06:37 E:/GO_PROJ/test_task/main.go:144: start app
2021/12/04 23:10:06 E:/GO_PROJ/test_task/main.go:147: start app
2021/12/04 23:57:32 E:/GO_PROJ/test_task/main.go:147: start app
2021/12/05 00:03:37 E:/GO_PROJ/test_task/main.go:158: start app
2021/12/05 00:04:16 E:/GO_PROJ/test_task/main.go:158: start app
2021/12/05 00:07:10 E:/GO_PROJ/test_task/main.go:158: start app
2021/12/05 00:08:54 E:/GO_PROJ/test_task/main.go:158: start app
2021/12/05 00:11:09 E:/GO_PROJ/test_task/main.go:159: start app
2021/12/05 00:11:47 E:/GO_PROJ/test_task/main.go:159: start app
2021/12/05 00:13:01 E:/GO_PROJ/test_task/main.go:164: start app
2021/12/05 00:14:03 E:/GO_PROJ/test_task/main.go:132: downloaded image from URL https://apod.nasa.gov/apod/image/2112/IridescenzaLunaPleiadi1024.jpg
2021/12/05 00:15:02 E:/GO_PROJ/test_task/main.go:132: downloaded image from URL https://apod.nasa.gov/apod/image/2112/IridescenzaLunaPleiadi1024.jpg
2021/12/05 00:16:02 E:/GO_PROJ/test_task/main.go:132: downloaded image from URL https://apod.nasa.gov/apod/image/2112/IridescenzaLunaPleiadi1024.jpg
2021/12/05 00:17:02 E:/GO_PROJ/test_task/main.go:132: downloaded image from URL https://apod.nasa.gov/apod/image/2112/IridescenzaLunaPleiadi1024.jpg
2021/12/20 10:11:12 E:/GO_PROJ/test_task/main.go:39: start app
2021/12/20 10:14:53 E:/GO_PROJ/test_task/main.go:40: start app
2021/12/20 10:16:26 E:/GO_PROJ/test_task/main.go:40: start app
2021/12/20 10:21:12 E:/GO_PROJ/test_task/main.go:40: start app
2021/12/20 10:22:57 E:/GO_PROJ/test_task/main.go:40: start app
2021/12/20 11:11:40 E:/GO_PROJ/test_task/main.go:40: start app
2021/12/20 11:26:54 E:/GO_PROJ/test_task/main.go:40: start app
2021/12/20 11:32:34 E:/GO_PROJ/test_task/main.go:40: start app
2021/12/20 11:37:21 E:/GO_PROJ/test_task/main.go:40: start app
2021/12/20 11:42:16 E:/GO_PROJ/test_task/main.go:40: start app
2021/12/20 11:42:26 E:/GO_PROJ/test_task/main.go:67: Image will be download in : img/20211220_114226.jpg
2021/12/20 11:47:15 E:/GO_PROJ/test_task/main.go:40: start app
2021/12/20 11:47:26 E:/GO_PROJ/test_task/main.go:67: Image will be download in : img/20211220_114726.jpg
2021/12/20 12:17:43 E:/GO_PROJ/test_task/main.go:40: start app
2021/12/20 12:19:37 E:/GO_PROJ/test_task/main.go:67: Image will be download in : img/20211220_121937.jpg
2021/12/20 12:22:38 E:/GO_PROJ/test_task/main.go:40: start app
2021/12/20 12:23:12 E:/GO_PROJ/test_task/main.go:67: Image will be download in : img/20211220_122312.jpg
2021/12/20 12:25:19 E:/GO_PROJ/test_task/main.go:40: start app
2021/12/20 12:25:49 E:/GO_PROJ/test_task/main.go:67: Image will be download in : img/20211220_122549.jpg
2021/12/20 12:30:56 E:/GO_PROJ/test_task/main.go:40: start app
2021/12/20 12:31:11 E:/GO_PROJ/test_task/main.go:67: Image will be download in : img/20211220_123111.jpg
2021/12/23 23:36:01 E:/GO_PROJ/test_task/main.go:40: start app
2021/12/23 23:36:26 E:/GO_PROJ/test_task/main.go:68: Image will be download in : img/20211223_233626.jpg
